1	3R	-	722370	722621	FBtr0114258	1	252	FBgn0085804	CR41571	0.000000	0.000000 	Q8MR37
1	3R	-	722370	722621	FBtr0114258	1	252	FBgn0085804	CR41571	0.000000	0.000000 	P81909
1	3R	-	722370	722621	FBtr0114258	1	252	FBgn0085804	CR41571	0.000000	0.000000 	Q9V4M2
1	3R	-	722370	722621	FBtr0114258	1	252	FBgn0085804	CR41571	0.000000	0.000000 	Q9VVY3
1	3R	-	722370	722621	FBtr0114258	1	252	FBgn0085804	CR41571	0.000000	0.000000 	Q7KV15
1	3R	-	722370	722621	FBtr0114258	1	252	FBgn0085804	CR41571	0.000000	0.000000 	Q9V3Y2
1	3R	-	722370	722621	FBtr0114258	1	252	FBgn0085804	CR41571	0.000000	0.000000 	P25171
1	3R	-	722370	722621	FBtr0114258	1	252	FBgn0085804	CR41571	0.000000	0.000000 	Q9W4M8
1	3R	-	722370	722621	FBtr0114258	1	252	FBgn0085804	CR41571	0.000000	0.000000 	Q8MLY8
1	3R	-	722370	722621	FBtr0114258	1	252	FBgn0085804	CR41571	0.000000	0.000000 	Q9VM64
1	3R	-	722370	722621	FBtr0114258	1	252	FBgn0085804	CR41571	0.000000	0.000000 	Q01819
1	3R	-	722370	722621	FBtr0114258	1	252	FBgn0085804	CR41571	0.000000	0.000000 	P27091
1	3R	-	722370	722621	FBtr0114258	1	252	FBgn0085804	CR41571	0.000000	0.000000 	P36193
1	3R	-	722370	722621	FBtr0114258	1	252	FBgn0085804	CR41571	0.000000	0.000000 	P51123
1	3R	-	722370	722621	FBtr0114258	1	252	FBgn0085804	CR41571	0.000000	0.000000 	P02283
1	3R	-	722370	722621	FBtr0114258	1	252	FBgn0085804	CR41571	0.000000	0.000000 	C0HJH4
1	3R	-	722370	722621	FBtr0114258	1	252	FBgn0085804	CR41571	0.000000	0.000000 	P13709
1	3R	-	722370	722621	FBtr0114258	1	252	FBgn0085804	CR41571	0.000000	0.000000 	P32234
1	3R	-	722370	722621	FBtr0114258	1	252	FBgn0085804	CR41571	0.000000	0.000000 	P11449
1	3R	-	722370	722621	FBtr0114258	1	252	FBgn0085804	CR41571	0.000000	0.000000 	Q9VMT6
1	3R	-	722370	722621	FBtr0114258	1	252	FBgn0085804	CR41571	0.000000	0.000000 	O76902
1	3R	-	722370	722621	FBtr0114258	1	252	FBgn0085804	CR41571	0.000000	0.000000 	Q9VUM0
1	3R	-	722370	722621	FBtr0114258	1	252	FBgn0085804	CR41571	0.000000	0.000000 	P08736
1	3R	-	722370	722621	FBtr0114258	1	252	FBgn0085804	CR41571	0.000000	0.000000 	Q9V4U7
1	3R	-	722370	722621	FBtr0114258	1	252	FBgn0085804	CR41571	0.000000	0.000000 	Q9NIV2
1	3R	-	722370	722621	FBtr0114258	1	252	FBgn0085804	CR41571	0.000000	0.000000 	Q9VCA9
1	3R	-	722370	722621	FBtr0114258	1	252	FBgn0085804	CR41571	0.000000	0.000000 	Q9VMA3
1	3R	-	722370	722621	FBtr0114258	1	252	FBgn0085804	CR41571	0.000000	0.000000 	P15348
1	3R	-	722370	722621	FBtr0114258	1	252	FBgn0085804	CR41571	0.000000	0.000000 	Q9VL84
1	3R	-	722370	722621	FBtr0114258	1	252	FBgn0085804	CR41571	0.000000	0.000000 	Q9VT70
1	3R	-	722370	722621	FBtr0114258	1	252	FBgn0085804	CR41571	0.000000	0.000000 	Q9W223
1	3R	-	722370	722621	FBtr0114258	1	252	FBgn0085804	CR41571	0.000000	0.000000 	Q8T390
1	3R	-	722370	722621	FBtr0114258	1	252	FBgn0085804	CR41571	0.000000	0.000000 	Q86BY9
1	3R	-	722370	722621	FBtr0114258	1	252	FBgn0085804	CR41571	0.000000	0.000000 	O16810
1	3R	-	722370	722621	FBtr0114258	1	252	FBgn0085804	CR41571	0.000000	0.000000 	P84040
1	3R	-	722370	722621	FBtr0114258	1	252	FBgn0085804	CR41571	0.000000	0.000000 	Q9W3C7
1	3R	-	722370	722621	FBtr0114258	1	252	FBgn0085804	CR41571	0.000000	0.000000 	Q9VAZ3
1	3R	-	722370	722621	FBtr0114258	1	252	FBgn0085804	CR41571	0.000000	0.000000 	Q9W0S9
1	3R	-	722370	722621	FBtr0114258	1	252	FBgn0085804	CR41571	0.000000	0.000000 	Q9VSZ6
1	3R	-	722370	722621	FBtr0114258	1	252	FBgn0085804	CR41571	0.000000	0.000000 	Q7JQ32
1	3R	-	722370	722621	FBtr0114258	1	252	FBgn0085804	CR41571	0.000000	0.000000 	Q9V6U8
1	3R	-	722370	722621	FBtr0114258	1	252	FBgn0085804	CR41571	0.000000	0.000000 	Q9W0T1
1	3R	-	722370	722621	FBtr0114258	1	252	FBgn0085804	CR41571	0.000000	0.000000 	Q24208
1	3R	-	722370	722621	FBtr0114258	1	252	FBgn0085804	CR41571	0.000000	0.000000 	P52172
1	3R	-	722370	722621	FBtr0114258	1	252	FBgn0085804	CR41571	0.000000	0.000000 	P07191
1	3R	-	722370	722621	FBtr0114258	1	252	FBgn0085804	CR41571	0.000000	0.000000 	O18412
1	3R	-	722370	722621	FBtr0114258	1	252	FBgn0085804	CR41571	0.000000	0.000000 	P10981
1	3R	-	722370	722621	FBtr0114258	1	252	FBgn0085804	CR41571	0.000000	0.000000 	Q0E908
1	3R	-	722370	722621	FBtr0114258	1	252	FBgn0085804	CR41571	0.000000	0.000000 	Q8T4F7
1	3R	-	722370	722621	FBtr0114258	1	252	FBgn0085804	CR41571	0.000000	0.000000 	Q9V579
1	3R	-	722370	722621	FBtr0114258	1	252	FBgn0085804	CR41571	0.000000	0.000000 	Q9V7A7
1	3R	-	722370	722621	FBtr0114258	1	252	FBgn0085804	CR41571	0.000000	0.000000 	P26802
1	3R	-	722370	722621	FBtr0114258	1	252	FBgn0085804	CR41571	0.000000	0.000000 	Q9VUW9
1	3R	-	722370	722621	FBtr0114258	1	252	FBgn0085804	CR41571	0.000000	0.000000 	O96553
1	3R	-	722370	722621	FBtr0114258	1	252	FBgn0085804	CR41571	0.000000	0.000000 	Q9VDE5
1	3R	-	722370	722621	FBtr0114258	1	252	FBgn0085804	CR41571	0.000000	0.000000 	P07188
1	3R	-	722370	722621	FBtr0114258	1	252	FBgn0085804	CR41571	0.000000	0.000000 	Q9VGH7
1	3R	-	722370	722621	FBtr0114258	1	252	FBgn0085804	CR41571	0.000000	0.000000 	P23625
1	3R	-	722370	722621	FBtr0114258	1	252	FBgn0085804	CR41571	0.000000	0.000000 	O18408
1	3R	-	722370	722621	FBtr0114258	1	252	FBgn0085804	CR41571	0.000000	0.000000 	Q9V4Z9
1	3R	-	722370	722621	FBtr0114258	1	252	FBgn0085804	CR41571	0.000000	0.000000 	P83103
1	3R	-	722370	722621	FBtr0114258	1	252	FBgn0085804	CR41571	0.000000	0.000000 	Q9VQ26
1	3R	-	722370	722621	FBtr0114258	1	252	FBgn0085804	CR41571	0.000000	0.000000 	P39769
1	3R	-	722370	722621	FBtr0114258	1	252	FBgn0085804	CR41571	0.000000	0.000000 	P42207
1	3R	-	722370	722621	FBtr0114258	1	252	FBgn0085804	CR41571	0.000000	0.000000 	Q8ML70
1	3R	-	722370	722621	FBtr0114258	1	252	FBgn0085804	CR41571	0.000000	0.000000 	O62618
1	3R	-	722370	722621	FBtr0114258	1	252	FBgn0085804	CR41571	0.000000	0.000000 	P14956
1	3R	-	722370	722621	FBtr0114258	1	252	FBgn0085804	CR41571	0.000000	0.000000 	Q9VBB3
1	3R	-	722370	722621	FBtr0114258	1	252	FBgn0085804	CR41571	0.000000	0.000000 	P08099
1	3R	-	722370	722621	FBtr0114258	1	252	FBgn0085804	CR41571	0.000000	0.000000 	Q9W1X4
1	3R	-	722370	722621	FBtr0114258	1	252	FBgn0085804	CR41571	0.000000	0.000000 	P91664
1	3R	-	722370	722621	FBtr0114258	1	252	FBgn0085804	CR41571	0.000000	0.000000 	P12881
1	3R	-	722370	722621	FBtr0114258	1	252	FBgn0085804	CR41571	0.000000	0.000000 	Q02870
1	3R	-	722370	722621	FBtr0114258	1	252	FBgn0085804	CR41571	0.000000	0.000000 	P48607
1	3R	-	722370	722621	FBtr0114258	1	252	FBgn0085804	CR41571	0.000000	0.000000 	P09615
1	3R	-	722370	722621	FBtr0114258	1	252	FBgn0085804	CR41571	0.000000	0.000000 	P14199
1	3R	-	722370	722621	FBtr0114258	1	252	FBgn0085804	CR41571	0.000000	0.000000 	Q9VW26
1	3R	-	722370	722621	FBtr0114258	1	252	FBgn0085804	CR41571	0.000000	0.000000 	P22711
1	3R	-	722370	722621	FBtr0114258	1	252	FBgn0085804	CR41571	0.000000	0.000000 	Q9VMP9
1	3R	-	722370	722621	FBtr0114258	1	252	FBgn0085804	CR41571	0.000000	0.000000 	Q95T64
1	3R	-	722370	722621	FBtr0114258	1	252	FBgn0085804	CR41571	0.000000	0.000000 	P15425
1	3R	-	722370	722621	FBtr0114258	1	252	FBgn0085804	CR41571	0.000000	0.000000 	P02825
1	3R	-	722370	722621	FBtr0114258	1	252	FBgn0085804	CR41571	0.000000	0.000000 	P42282
1	3R	-	722370	722621	FBtr0114258	1	252	FBgn0085804	CR41571	0.000000	0.000000 	Q9VP04
1	3R	-	722370	722621	FBtr0114258	1	252	FBgn0085804	CR41571	0.000000	0.000000 	Q07892
1	3R	-	722370	722621	FBtr0114258	1	252	FBgn0085804	CR41571	0.000000	0.000000 	Q9VPT7
1	3R	-	722370	722621	FBtr0114258	1	252	FBgn0085804	CR41571	0.000000	0.000000 	Q94524
1	3R	-	722370	722621	FBtr0114258	1	252	FBgn0085804	CR41571	0.000000	0.000000 	O61643
1	3R	-	722370	722621	FBtr0114258	1	252	FBgn0085804	CR41571	0.000000	0.000000 	Q9NHV9
1	3R	-	722370	722621	FBtr0114258	1	252	FBgn0085804	CR41571	0.000000	0.000000 	Q8INR6
1	3R	-	722370	722621	FBtr0114258	1	252	FBgn0085804	CR41571	0.000000	0.000000 	Q9V9I2
1	3R	-	722370	722621	FBtr0114258	1	252	FBgn0085804	CR41571	0.000000	0.000000 	Q8IH00
1	3R	-	722370	722621	FBtr0114258	1	252	FBgn0085804	CR41571	0.000000	0.000000 	P16620
1	3R	-	722370	722621	FBtr0114258	1	252	FBgn0085804	CR41571	0.000000	0.000000 	Q7KW14
1	3R	-	722370	722621	FBtr0114258	1	252	FBgn0085804	CR41571	0.000000	0.000000 	Q9VX32
1	3R	-	722370	722621	FBtr0114258	1	252	FBgn0085804	CR41571	0.000000	0.000000 	Q9VU87
1	3R	-	722370	722621	FBtr0114258	1	252	FBgn0085804	CR41571	0.000000	0.000000 	P09082
1	3R	-	722370	722621	FBtr0114258	1	252	FBgn0085804	CR41571	0.000000	0.000000 	Q9VPI2
1	3R	-	722370	722621	FBtr0114258	1	252	FBgn0085804	CR41571	0.000000	0.000000 	Q9V676
1	3R	-	722370	722621	FBtr0114258	1	252	FBgn0085804	CR41571	0.000000	0.000000 	Q7KR04
1	3R	-	722370	722621	FBtr0114258	1	252	FBgn0085804	CR41571	0.000000	0.000000 	Q9V8F5
